[debug] [2021-06-10T08:08:36.518Z] ----------------------------------------------------------------------
[debug] [2021-06-10T08:08:36.522Z] Command:       C:\Program Files (x86)\nodejs\node.exe C:\Users\HP\AppData\Roaming\npm\node_modules\firebase-tools\lib\bin\firebase.js init
[debug] [2021-06-10T08:08:36.523Z] CLI Version:   9.12.1
[debug] [2021-06-10T08:08:36.523Z] Platform:      win32
[debug] [2021-06-10T08:08:36.523Z] Node Version:  v14.17.0
[debug] [2021-06-10T08:08:36.526Z] Time:          Thu Jun 10 2021 13:38:36 GMT+0530 (India Standard Time)
[debug] [2021-06-10T08:08:36.526Z] ----------------------------------------------------------------------
[debug] 
[debug] [2021-06-10T08:08:36.554Z] > command requires scopes: ["email","openid","https://www.googleapis.com/auth/cloudplatformprojects.readonly","https://www.googleapis.com/auth/firebase","https://www.googleapis.com/auth/cloud-platform"]
[debug] [2021-06-10T08:08:36.555Z] > authorizing via signed-in user (asubiswas970@gmail.com)
[info] 
     ######## #### ########  ######## ########     ###     ######  ########
     ##        ##  ##     ## ##       ##     ##  ##   ##  ##       ##
     ######    ##  ########  ######   ########  #########  ######  ######
     ##        ##  ##    ##  ##       ##     ## ##     ##       ## ##
     ##       #### ##     ## ######## ########  ##     ##  ######  ########

You're about to initialize a Firebase project in this directory:

  C:\Users\HP

Before we get started, keep in mind:

  * You are initializing in an existing Firebase project directory

[info] 
=== Project Setup
[info] 
[info] First, let's associate this project directory with a Firebase project.
[info] You can create multiple project aliases by running firebase use --add, 
[info] but for now we'll just set up a default project.
[info] 
[info] i  .firebaserc already has a default project, using weather-info-1800c. 
[debug] [2021-06-10T08:08:44.783Z] >>> [apiv2][query] GET https://firebase.googleapis.com/v1beta1/projects/weather-info-1800c [none]
[debug] [2021-06-10T08:08:46.280Z] <<< [apiv2][status] GET https://firebase.googleapis.com/v1beta1/projects/weather-info-1800c 403
[debug] [2021-06-10T08:08:46.281Z] <<< [apiv2][body] GET https://firebase.googleapis.com/v1beta1/projects/weather-info-1800c {"error":{"code":403,"message":"The caller does not have permission","status":"PERMISSION_DENIED"}}
[debug] [2021-06-10T08:08:46.282Z] HTTP Error: 403, The caller does not have permission
[debug] [2021-06-10T08:08:46.747Z] FirebaseError: HTTP Error: 403, The caller does not have permission
    at module.exports (C:\Users\HP\AppData\Roaming\npm\node_modules\firebase-tools\lib\responseToError.js:38:12)
    at Client.doRequest (C:\Users\HP\AppData\Roaming\npm\node_modules\firebase-tools\lib\apiv2.js:238:23)
    at processTicksAndRejections (internal/process/task_queues.js:95:5)
    at async Client.request (C:\Users\HP\AppData\Roaming\npm\node_modules\firebase-tools\lib\apiv2.js:96:20)
    at async Object.getFirebaseProject (C:\Users\HP\AppData\Roaming\npm\node_modules\firebase-tools\lib\management\projects.js:290:21)
    at async Object.doSetup [as project] (C:\Users\HP\AppData\Roaming\npm\node_modules\firebase-tools\lib\init\features\project.js:77:27)
    at async init (C:\Users\HP\AppData\Roaming\npm\node_modules\firebase-tools\lib\init\index.js:19:9)
[error] 
[error] Error: Failed to get Firebase project weather-info-1800c. Please make sure the project exists and your account has permission to access it.
[debug] [2021-06-10T08:11:30.519Z] ----------------------------------------------------------------------
[debug] [2021-06-10T08:11:30.524Z] Command:       C:\Program Files (x86)\nodejs\node.exe C:\Users\HP\AppData\Roaming\npm\node_modules\firebase-tools\lib\bin\firebase.js init
[debug] [2021-06-10T08:11:30.524Z] CLI Version:   9.12.1
[debug] [2021-06-10T08:11:30.525Z] Platform:      win32
[debug] [2021-06-10T08:11:30.525Z] Node Version:  v14.17.0
[debug] [2021-06-10T08:11:30.527Z] Time:          Thu Jun 10 2021 13:41:30 GMT+0530 (India Standard Time)
[debug] [2021-06-10T08:11:30.528Z] ----------------------------------------------------------------------
[debug] 
[debug] [2021-06-10T08:11:30.547Z] > command requires scopes: ["email","openid","https://www.googleapis.com/auth/cloudplatformprojects.readonly","https://www.googleapis.com/auth/firebase","https://www.googleapis.com/auth/cloud-platform"]
[debug] [2021-06-10T08:11:30.547Z] > authorizing via signed-in user (asubiswas970@gmail.com)
[info] 
     ######## #### ########  ######## ########     ###     ######  ########
     ##        ##  ##     ## ##       ##     ##  ##   ##  ##       ##
     ######    ##  ########  ######   ########  #########  ######  ######
     ##        ##  ##    ##  ##       ##     ## ##     ##       ## ##
     ##       #### ##     ## ######## ########  ##     ##  ######  ########

You're about to initialize a Firebase project in this directory:

  C:\Users\HP

Before we get started, keep in mind:

  * You are initializing in an existing Firebase project directory

[info] 
=== Project Setup
[info] 
[info] First, let's associate this project directory with a Firebase project.
[info] You can create multiple project aliases by running firebase use --add, 
[info] but for now we'll just set up a default project.
[info] 
[info] i  .firebaserc already has a default project, using weather-info-1800c. 
[debug] [2021-06-10T08:11:37.676Z] >>> [apiv2][query] GET https://firebase.googleapis.com/v1beta1/projects/weather-info-1800c [none]
[debug] [2021-06-10T08:11:38.947Z] <<< [apiv2][status] GET https://firebase.googleapis.com/v1beta1/projects/weather-info-1800c 403
[debug] [2021-06-10T08:11:38.947Z] <<< [apiv2][body] GET https://firebase.googleapis.com/v1beta1/projects/weather-info-1800c {"error":{"code":403,"message":"The caller does not have permission","status":"PERMISSION_DENIED"}}
[debug] [2021-06-10T08:11:38.948Z] HTTP Error: 403, The caller does not have permission
[debug] [2021-06-10T08:11:39.559Z] FirebaseError: HTTP Error: 403, The caller does not have permission
    at module.exports (C:\Users\HP\AppData\Roaming\npm\node_modules\firebase-tools\lib\responseToError.js:38:12)
    at Client.doRequest (C:\Users\HP\AppData\Roaming\npm\node_modules\firebase-tools\lib\apiv2.js:238:23)
    at processTicksAndRejections (internal/process/task_queues.js:95:5)
    at async Client.request (C:\Users\HP\AppData\Roaming\npm\node_modules\firebase-tools\lib\apiv2.js:96:20)
    at async Object.getFirebaseProject (C:\Users\HP\AppData\Roaming\npm\node_modules\firebase-tools\lib\management\projects.js:290:21)
    at async Object.doSetup [as project] (C:\Users\HP\AppData\Roaming\npm\node_modules\firebase-tools\lib\init\features\project.js:77:27)
    at async init (C:\Users\HP\AppData\Roaming\npm\node_modules\firebase-tools\lib\init\index.js:19:9)
[error] 
[error] Error: Failed to get Firebase project weather-info-1800c. Please make sure the project exists and your account has permission to access it.
[debug] [2021-06-10T08:13:28.378Z] ----------------------------------------------------------------------
[debug] [2021-06-10T08:13:28.382Z] Command:       C:\Program Files (x86)\nodejs\node.exe C:\Users\HP\AppData\Roaming\npm\node_modules\firebase-tools\lib\bin\firebase.js init
[debug] [2021-06-10T08:13:28.383Z] CLI Version:   9.12.1
[debug] [2021-06-10T08:13:28.383Z] Platform:      win32
[debug] [2021-06-10T08:13:28.383Z] Node Version:  v14.17.0
[debug] [2021-06-10T08:13:28.386Z] Time:          Thu Jun 10 2021 13:43:28 GMT+0530 (India Standard Time)
[debug] [2021-06-10T08:13:28.386Z] ----------------------------------------------------------------------
[debug] 
[debug] [2021-06-10T08:13:28.417Z] > command requires scopes: ["email","openid","https://www.googleapis.com/auth/cloudplatformprojects.readonly","https://www.googleapis.com/auth/firebase","https://www.googleapis.com/auth/cloud-platform"]
[debug] [2021-06-10T08:13:28.417Z] > authorizing via signed-in user (asubiswas970@gmail.com)
[info] 
     ######## #### ########  ######## ########     ###     ######  ########
     ##        ##  ##     ## ##       ##     ##  ##   ##  ##       ##
     ######    ##  ########  ######   ########  #########  ######  ######
     ##        ##  ##    ##  ##       ##     ## ##     ##       ## ##
     ##       #### ##     ## ######## ########  ##     ##  ######  ########

You're about to initialize a Firebase project in this directory:

  C:\Users\HP

Before we get started, keep in mind:

  * You are initializing in an existing Firebase project directory

[info] 
=== Project Setup
[info] 
[info] First, let's associate this project directory with a Firebase project.
[info] You can create multiple project aliases by running firebase use --add, 
[info] but for now we'll just set up a default project.
[info] 
[info] i  .firebaserc already has a default project, using weather-info-1800c. 
[debug] [2021-06-10T08:13:35.258Z] >>> [apiv2][query] GET https://firebase.googleapis.com/v1beta1/projects/weather-info-1800c [none]
[debug] [2021-06-10T08:13:36.252Z] <<< [apiv2][status] GET https://firebase.googleapis.com/v1beta1/projects/weather-info-1800c 403
[debug] [2021-06-10T08:13:36.252Z] <<< [apiv2][body] GET https://firebase.googleapis.com/v1beta1/projects/weather-info-1800c {"error":{"code":403,"message":"The caller does not have permission","status":"PERMISSION_DENIED"}}
[debug] [2021-06-10T08:13:36.253Z] HTTP Error: 403, The caller does not have permission
[debug] [2021-06-10T08:13:36.740Z] FirebaseError: HTTP Error: 403, The caller does not have permission
    at module.exports (C:\Users\HP\AppData\Roaming\npm\node_modules\firebase-tools\lib\responseToError.js:38:12)
    at Client.doRequest (C:\Users\HP\AppData\Roaming\npm\node_modules\firebase-tools\lib\apiv2.js:238:23)
    at processTicksAndRejections (internal/process/task_queues.js:95:5)
    at async Client.request (C:\Users\HP\AppData\Roaming\npm\node_modules\firebase-tools\lib\apiv2.js:96:20)
    at async Object.getFirebaseProject (C:\Users\HP\AppData\Roaming\npm\node_modules\firebase-tools\lib\management\projects.js:290:21)
    at async Object.doSetup [as project] (C:\Users\HP\AppData\Roaming\npm\node_modules\firebase-tools\lib\init\features\project.js:77:27)
    at async init (C:\Users\HP\AppData\Roaming\npm\node_modules\firebase-tools\lib\init\index.js:19:9)
[error] 
[error] Error: Failed to get Firebase project weather-info-1800c. Please make sure the project exists and your account has permission to access it.
